<?xml version="1.0" encoding="UTF-8"?>
<testsuite name="net.stawrul.OrdersServiceTest" time="0.125" tests="3" errors="2" skipped="0" failures="0">
  <properties>
[...]
</properties>
  <testcase name="whenOrderedBookAvailable_placeOrderDecreasesAmountByOne" classname="net.stawrul.OrdersServiceTest" time="0.125">
    <error type="java.lang.NullPointerException:">java.lang.NullPointerException: null
	at net.stawrul.services.OrdersService.placeOrder(OrdersService.java:52)
	at net.stawrul.OrdersServiceTest.whenOrderedBookAvailable_placeOrderDecreasesAmountByOne(OrdersServiceTest.java:55)
</error>
  </testcase>
  <testcase name="whenGivenLowercaseString_toUpperReturnsUppercase" classname="net.stawrul.OrdersServiceTest" time="0"/>
  <testcase name="whenOrderedBookNotAvailable_placeOrderThrowsOutOfStockEx" classname="net.stawrul.OrdersServiceTest" time="0">
    <error message="Unexpected exception, expected&lt;net.stawrul.services.exceptions.OutOfStockException&gt; but was&lt;java.lang.NullPointerException&gt;" type="java.lang.Exception"><![CDATA[java.lang.Exception: Unexpected exception, expected<net.stawrul.services.exceptions.OutOfStockException> but was<java.lang.NullPointerException>
	at net.stawrul.services.OrdersService.placeOrder(OrdersService.java:52)
	at net.stawrul.OrdersServiceTest.whenOrderedBookNotAvailable_placeOrderThrowsOutOfStockEx(OrdersServiceTest.java:37)
]]></error>
  </testcase>
</testsuite>